Logfile initialized
[INFO] logfile = /Users/bobsims/Documents/Titanium Studio Workspace/nato-acronyms/build.log
[DEBUG] /Users/bobsims/Library/Application Support/Titanium/mobilesdk/osx/2.1.4.GA/android/builder.py simulator NATO Acronyms /Users/bobsims/android-sdk-macosx /Users/bobsims/Documents/Titanium Studio Workspace/nato-acronyms com.bobsims.natoacronyms 5 GALAXY_S2 
[INFO] Building NATO Acronyms for Android ... one moment
[INFO] Titanium SDK version: 2.1.4 (11/09/12 12:46 51f2c64)
[DEBUG] Waiting for device to be ready ...
[TRACE] adb devices returned 1 devices/emulators
[DEBUG] Device connected... (waited 0 seconds)
[DEBUG] waited 0.013738 seconds on emulator to get ready
[DEBUG] com.bobsims.natoacronyms installed? True
[INFO] Fastdev server running, deploying in Fastdev mode
[INFO] Copying CommonJS modules...
[INFO] Copying project resources..
[INFO] Detected change in tiapp.xml, or assets deleted. Forcing full re-build...
[TRACE] COPYING CREATED FILE: /Users/bobsims/Documents/Titanium Studio Workspace/nato-acronyms/Resources/android/appicon.png => /Users/bobsims/Documents/Titanium Studio Workspace/nato-acronyms/build/android/bin/assets/Resources/appicon.png
[TRACE] COPYING CREATED FILE: /Users/bobsims/Documents/Titanium Studio Workspace/nato-acronyms/Resources/android/appicon1.png => /Users/bobsims/Documents/Titanium Studio Workspace/nato-acronyms/build/android/bin/assets/Resources/appicon1.png
[TRACE] COPYING CREATED FILE: /Users/bobsims/Documents/Titanium Studio Workspace/nato-acronyms/Resources/android/default.png => /Users/bobsims/Documents/Titanium Studio Workspace/nato-acronyms/build/android/bin/assets/Resources/default.png
[TRACE] COPYING CREATED FILE: /Users/bobsims/Documents/Titanium Studio Workspace/nato-acronyms/Resources/app.js => /Users/bobsims/Documents/Titanium Studio Workspace/nato-acronyms/build/android/bin/assets/Resources/app.js
[TRACE] COPYING CREATED FILE: /Users/bobsims/Documents/Titanium Studio Workspace/nato-acronyms/Resources/db/nato_acronyms.sqlite => /Users/bobsims/Documents/Titanium Studio Workspace/nato-acronyms/build/android/bin/assets/Resources/db/nato_acronyms.sqlite
[TRACE] COPYING CREATED FILE: /Users/bobsims/Documents/Titanium Studio Workspace/nato-acronyms/Resources/images/appc_white.png => /Users/bobsims/Documents/Titanium Studio Workspace/nato-acronyms/build/android/bin/assets/Resources/images/appc_white.png
[TRACE] COPYING CREATED FILE: /Users/bobsims/Documents/Titanium Studio Workspace/nato-acronyms/Resources/images/back.jpg => /Users/bobsims/Documents/Titanium Studio Workspace/nato-acronyms/build/android/bin/assets/Resources/images/back.jpg
[TRACE] COPYING CREATED FILE: /Users/bobsims/Documents/Titanium Studio Workspace/nato-acronyms/Resources/images/blue_gradient.png => /Users/bobsims/Documents/Titanium Studio Workspace/nato-acronyms/build/android/bin/assets/Resources/images/blue_gradient.png
[TRACE] COPYING CREATED FILE: /Users/bobsims/Documents/Titanium Studio Workspace/nato-acronyms/Resources/images/bubble.png => /Users/bobsims/Documents/Titanium Studio Workspace/nato-acronyms/build/android/bin/assets/Resources/images/bubble.png
[TRACE] COPYING CREATED FILE: /Users/bobsims/Documents/Titanium Studio Workspace/nato-acronyms/Resources/images/light_info.png => /Users/bobsims/Documents/Titanium Studio Workspace/nato-acronyms/build/android/bin/assets/Resources/images/light_info.png
[TRACE] COPYING CREATED FILE: /Users/bobsims/Documents/Titanium Studio Workspace/nato-acronyms/Resources/images/light_info@2x.png => /Users/bobsims/Documents/Titanium Studio Workspace/nato-acronyms/build/android/bin/assets/Resources/images/light_info@2x.png
[TRACE] COPYING CREATED FILE: /Users/bobsims/Documents/Titanium Studio Workspace/nato-acronyms/Resources/images/light_mail.png => /Users/bobsims/Documents/Titanium Studio Workspace/nato-acronyms/build/android/bin/assets/Resources/images/light_mail.png
[TRACE] COPYING CREATED FILE: /Users/bobsims/Documents/Titanium Studio Workspace/nato-acronyms/Resources/images/light_mail@2x.png => /Users/bobsims/Documents/Titanium Studio Workspace/nato-acronyms/build/android/bin/assets/Resources/images/light_mail@2x.png
[TRACE] COPYING CREATED FILE: /Users/bobsims/Documents/Titanium Studio Workspace/nato-acronyms/Resources/images/light_x-2.png => /Users/bobsims/Documents/Titanium Studio Workspace/nato-acronyms/build/android/bin/assets/Resources/images/light_x-2.png
[TRACE] COPYING CREATED FILE: /Users/bobsims/Documents/Titanium Studio Workspace/nato-acronyms/Resources/images/light_x-2@2x.png => /Users/bobsims/Documents/Titanium Studio Workspace/nato-acronyms/build/android/bin/assets/Resources/images/light_x-2@2x.png
[TRACE] COPYING CREATED FILE: /Users/bobsims/Documents/Titanium Studio Workspace/nato-acronyms/Resources/images/light_x-3.png => /Users/bobsims/Documents/Titanium Studio Workspace/nato-acronyms/build/android/bin/assets/Resources/images/light_x-3.png
[TRACE] COPYING CREATED FILE: /Users/bobsims/Documents/Titanium Studio Workspace/nato-acronyms/Resources/images/light_x-3@2x.png => /Users/bobsims/Documents/Titanium Studio Workspace/nato-acronyms/build/android/bin/assets/Resources/images/light_x-3@2x.png
[TRACE] COPYING CREATED FILE: /Users/bobsims/Documents/Titanium Studio Workspace/nato-acronyms/Resources/images/sliver.png => /Users/bobsims/Documents/Titanium Studio Workspace/nato-acronyms/build/android/bin/assets/Resources/images/sliver.png
[TRACE] COPYING CREATED FILE: /Users/bobsims/Documents/Titanium Studio Workspace/nato-acronyms/Resources/KS_nav_ui.png => /Users/bobsims/Documents/Titanium Studio Workspace/nato-acronyms/build/android/bin/assets/Resources/KS_nav_ui.png
[TRACE] COPYING CREATED FILE: /Users/bobsims/Documents/Titanium Studio Workspace/nato-acronyms/Resources/KS_nav_views.png => /Users/bobsims/Documents/Titanium Studio Workspace/nato-acronyms/build/android/bin/assets/Resources/KS_nav_views.png
[TRACE] COPYING CREATED FILE: /Users/bobsims/Documents/Titanium Studio Workspace/nato-acronyms/Resources/lib/db.js => /Users/bobsims/Documents/Titanium Studio Workspace/nato-acronyms/build/android/bin/assets/Resources/lib/db.js
[TRACE] COPYING CREATED FILE: /Users/bobsims/Documents/Titanium Studio Workspace/nato-acronyms/Resources/lib/underscore.js => /Users/bobsims/Documents/Titanium Studio Workspace/nato-acronyms/build/android/bin/assets/Resources/lib/underscore.js
[TRACE] COPYING CREATED FILE: /Users/bobsims/Documents/Titanium Studio Workspace/nato-acronyms/Resources/ui/common/AboutView.js => /Users/bobsims/Documents/Titanium Studio Workspace/nato-acronyms/build/android/bin/assets/Resources/ui/common/AboutView.js
[TRACE] COPYING CREATED FILE: /Users/bobsims/Documents/Titanium Studio Workspace/nato-acronyms/Resources/ui/common/DetailView.js => /Users/bobsims/Documents/Titanium Studio Workspace/nato-acronyms/build/android/bin/assets/Resources/ui/common/DetailView.js
[TRACE] COPYING CREATED FILE: /Users/bobsims/Documents/Titanium Studio Workspace/nato-acronyms/Resources/ui/common/FirstView.js => /Users/bobsims/Documents/Titanium Studio Workspace/nato-acronyms/build/android/bin/assets/Resources/ui/common/FirstView.js
[TRACE] COPYING CREATED FILE: /Users/bobsims/Documents/Titanium Studio Workspace/nato-acronyms/Resources/ui/components.js => /Users/bobsims/Documents/Titanium Studio Workspace/nato-acronyms/build/android/bin/assets/Resources/ui/components.js
[TRACE] COPYING CREATED FILE: /Users/bobsims/Documents/Titanium Studio Workspace/nato-acronyms/Resources/ui/handheld/android/AboutWindow.js => /Users/bobsims/Documents/Titanium Studio Workspace/nato-acronyms/build/android/bin/assets/Resources/ui/handheld/android/AboutWindow.js
[TRACE] COPYING CREATED FILE: /Users/bobsims/Documents/Titanium Studio Workspace/nato-acronyms/Resources/ui/handheld/android/ActionBarView.js => /Users/bobsims/Documents/Titanium Studio Workspace/nato-acronyms/build/android/bin/assets/Resources/ui/handheld/android/ActionBarView.js
[TRACE] COPYING CREATED FILE: /Users/bobsims/Documents/Titanium Studio Workspace/nato-acronyms/Resources/ui/handheld/android/ApplicationWindow.js => /Users/bobsims/Documents/Titanium Studio Workspace/nato-acronyms/build/android/bin/assets/Resources/ui/handheld/android/ApplicationWindow.js
[TRACE] COPYING CREATED FILE: /Users/bobsims/Documents/Titanium Studio Workspace/nato-acronyms/Resources/ui/handheld/android/DetailWindow.js => /Users/bobsims/Documents/Titanium Studio Workspace/nato-acronyms/build/android/bin/assets/Resources/ui/handheld/android/DetailWindow.js
[TRACE] COPYING CREATED FILE: /Users/bobsims/Documents/Titanium Studio Workspace/nato-acronyms/Resources/ui/handheld/ApplicationWindow.js => /Users/bobsims/Documents/Titanium Studio Workspace/nato-acronyms/build/android/bin/assets/Resources/ui/handheld/ApplicationWindow.js
[TRACE] COPYING CREATED FILE: /Users/bobsims/Documents/Titanium Studio Workspace/nato-acronyms/Resources/ui/tablet/ApplicationWindow.js => /Users/bobsims/Documents/Titanium Studio Workspace/nato-acronyms/build/android/bin/assets/Resources/ui/tablet/ApplicationWindow.js
[TRACE] COPYING CREATED FILE: /Users/bobsims/Documents/Titanium Studio Workspace/nato-acronyms/Resources/ui/theme.js => /Users/bobsims/Documents/Titanium Studio Workspace/nato-acronyms/build/android/bin/assets/Resources/ui/theme.js
[TRACE] Generating Java Classes
[DEBUG] Processing Android resource drawables
[DEBUG] app stylesheet => /Users/bobsims/Documents/Titanium Studio Workspace/nato-acronyms/build/android/gen/com/bobsims/natoacronyms/ApplicationStylesheet.java
[DEBUG] copying app icon: /Users/bobsims/Documents/Titanium Studio Workspace/nato-acronyms/build/android/bin/assets/Resources/appicon.png
[DEBUG] generating theme.xml
[DEBUG] found drawable-long-land-hdpi splash screen at /Users/bobsims/Documents/Titanium Studio Workspace/nato-acronyms/Resources/android/images/res-long-land-hdpi/default.png
[DEBUG] copying /Users/bobsims/Documents/Titanium Studio Workspace/nato-acronyms/Resources/android/images/res-long-land-hdpi/default.png splash screen to /Users/bobsims/Documents/Titanium Studio Workspace/nato-acronyms/build/android/res/drawable-long-land-hdpi/background.png
[DEBUG] found drawable-long-land-ldpi splash screen at /Users/bobsims/Documents/Titanium Studio Workspace/nato-acronyms/Resources/android/images/res-long-land-ldpi/default.png
[DEBUG] copying /Users/bobsims/Documents/Titanium Studio Workspace/nato-acronyms/Resources/android/images/res-long-land-ldpi/default.png splash screen to /Users/bobsims/Documents/Titanium Studio Workspace/nato-acronyms/build/android/res/drawable-long-land-ldpi/background.png
[DEBUG] found drawable-long-port-hdpi splash screen at /Users/bobsims/Documents/Titanium Studio Workspace/nato-acronyms/Resources/android/images/res-long-port-hdpi/default.png
[DEBUG] copying /Users/bobsims/Documents/Titanium Studio Workspace/nato-acronyms/Resources/android/images/res-long-port-hdpi/default.png splash screen to /Users/bobsims/Documents/Titanium Studio Workspace/nato-acronyms/build/android/res/drawable-long-port-hdpi/background.png
[DEBUG] found drawable-long-port-ldpi splash screen at /Users/bobsims/Documents/Titanium Studio Workspace/nato-acronyms/Resources/android/images/res-long-port-ldpi/default.png
[DEBUG] copying /Users/bobsims/Documents/Titanium Studio Workspace/nato-acronyms/Resources/android/images/res-long-port-ldpi/default.png splash screen to /Users/bobsims/Documents/Titanium Studio Workspace/nato-acronyms/build/android/res/drawable-long-port-ldpi/background.png
[DEBUG] found drawable-notlong-land-hdpi splash screen at /Users/bobsims/Documents/Titanium Studio Workspace/nato-acronyms/Resources/android/images/res-notlong-land-hdpi/default.png
[DEBUG] copying /Users/bobsims/Documents/Titanium Studio Workspace/nato-acronyms/Resources/android/images/res-notlong-land-hdpi/default.png splash screen to /Users/bobsims/Documents/Titanium Studio Workspace/nato-acronyms/build/android/res/drawable-notlong-land-hdpi/background.png
[DEBUG] found drawable-notlong-land-ldpi splash screen at /Users/bobsims/Documents/Titanium Studio Workspace/nato-acronyms/Resources/android/images/res-notlong-land-ldpi/default.png
[DEBUG] copying /Users/bobsims/Documents/Titanium Studio Workspace/nato-acronyms/Resources/android/images/res-notlong-land-ldpi/default.png splash screen to /Users/bobsims/Documents/Titanium Studio Workspace/nato-acronyms/build/android/res/drawable-notlong-land-ldpi/background.png
[DEBUG] found drawable-notlong-land-mdpi splash screen at /Users/bobsims/Documents/Titanium Studio Workspace/nato-acronyms/Resources/android/images/res-notlong-land-mdpi/default.png
[DEBUG] copying /Users/bobsims/Documents/Titanium Studio Workspace/nato-acronyms/Resources/android/images/res-notlong-land-mdpi/default.png splash screen to /Users/bobsims/Documents/Titanium Studio Workspace/nato-acronyms/build/android/res/drawable-notlong-land-mdpi/background.png
[DEBUG] found drawable-notlong-port-hdpi splash screen at /Users/bobsims/Documents/Titanium Studio Workspace/nato-acronyms/Resources/android/images/res-notlong-port-hdpi/default.png
[DEBUG] copying /Users/bobsims/Documents/Titanium Studio Workspace/nato-acronyms/Resources/android/images/res-notlong-port-hdpi/default.png splash screen to /Users/bobsims/Documents/Titanium Studio Workspace/nato-acronyms/build/android/res/drawable-notlong-port-hdpi/background.png
[DEBUG] found drawable-notlong-port-ldpi splash screen at /Users/bobsims/Documents/Titanium Studio Workspace/nato-acronyms/Resources/android/images/res-notlong-port-ldpi/default.png
[DEBUG] copying /Users/bobsims/Documents/Titanium Studio Workspace/nato-acronyms/Resources/android/images/res-notlong-port-ldpi/default.png splash screen to /Users/bobsims/Documents/Titanium Studio Workspace/nato-acronyms/build/android/res/drawable-notlong-port-ldpi/background.png
[DEBUG] found drawable-notlong-port-mdpi splash screen at /Users/bobsims/Documents/Titanium Studio Workspace/nato-acronyms/Resources/android/images/res-notlong-port-mdpi/default.png
[DEBUG] copying /Users/bobsims/Documents/Titanium Studio Workspace/nato-acronyms/Resources/android/images/res-notlong-port-mdpi/default.png splash screen to /Users/bobsims/Documents/Titanium Studio Workspace/nato-acronyms/build/android/res/drawable-notlong-port-mdpi/background.png
[DEBUG] found splash screen at /Users/bobsims/Documents/Titanium Studio Workspace/nato-acronyms/build/android/bin/assets/Resources/default.png
[TRACE] Writing out AndroidManifest.xml
[DEBUG] adding /Users/bobsims/Documents/Titanium Studio Workspace/nato-acronyms/build/android/gen/com/bobsims/natoacronyms/ApplicationStylesheet.java to javac build list
[DEBUG] adding /Users/bobsims/Documents/Titanium Studio Workspace/nato-acronyms/build/android/gen/com/bobsims/natoacronyms/NatoAcronymsActivity.java to javac build list
[DEBUG] adding /Users/bobsims/Documents/Titanium Studio Workspace/nato-acronyms/build/android/gen/com/bobsims/natoacronyms/NatoAcronymsAppInfo.java to javac build list
[DEBUG] adding /Users/bobsims/Documents/Titanium Studio Workspace/nato-acronyms/build/android/gen/com/bobsims/natoacronyms/NatoAcronymsApplication.java to javac build list
[DEBUG] adding /Users/bobsims/Documents/Titanium Studio Workspace/nato-acronyms/build/android/gen/com/bobsims/natoacronyms/R.java to javac build list
[DEBUG] Building Java Sources: "/Users/bobsims/Documents/Titanium Studio Workspace/nato-acronyms/build/android/gen/com/bobsims/natoacronyms/ApplicationStylesheet.java" "/Users/bobsims/Documents/Titanium Studio Workspace/nato-acronyms/build/android/gen/com/bobsims/natoacronyms/NatoAcronymsActivity.java" "/Users/bobsims/Documents/Titanium Studio Workspace/nato-acronyms/build/android/gen/com/bobsims/natoacronyms/NatoAcronymsAppInfo.java" "/Users/bobsims/Documents/Titanium Studio Workspace/nato-acronyms/build/android/gen/com/bobsims/natoacronyms/NatoAcronymsApplication.java" "/Users/bobsims/Documents/Titanium Studio Workspace/nato-acronyms/build/android/gen/com/bobsims/natoacronyms/R.java"
[INFO] Waiting for SDCard to become available..
[INFO] Compiling Android Resources... This could take some time
[DEBUG] Android classes.dex built
[DEBUG] creating unsigned apk: /Users/bobsims/Documents/Titanium Studio Workspace/nato-acronyms/build/android/bin/app-unsigned.apk
[DEBUG] from resource zip => assets/Resources/db/nato_acronyms.sqlite
[DEBUG] from resource zip => assets/Resources/images/appc_white.png
[DEBUG] from resource zip => assets/Resources/images/back.jpg
[DEBUG] from resource zip => assets/Resources/images/blue_gradient.png
[DEBUG] from resource zip => assets/Resources/images/bubble.png
[DEBUG] from resource zip => assets/Resources/images/light_info.png
[DEBUG] from resource zip => assets/Resources/images/light_info@2x.png
[DEBUG] from resource zip => assets/Resources/images/light_mail.png
[DEBUG] from resource zip => assets/Resources/images/light_mail@2x.png
[DEBUG] from resource zip => assets/Resources/images/light_x-2.png
[DEBUG] from resource zip => assets/Resources/images/light_x-2@2x.png
[DEBUG] from resource zip => assets/Resources/images/light_x-3.png
[DEBUG] from resource zip => assets/Resources/images/light_x-3@2x.png
[DEBUG] from resource zip => assets/Resources/images/sliver.png
[DEBUG] from resource zip => assets/Resources/lib/db.js
[DEBUG] from resource zip => assets/Resources/lib/underscore.js
[DEBUG] from resource zip => assets/Resources/ui/common/AboutView.js
[DEBUG] from resource zip => assets/Resources/ui/common/DetailView.js
[DEBUG] from resource zip => assets/Resources/ui/common/FirstView.js
[DEBUG] from resource zip => assets/Resources/ui/handheld/android/AboutWindow.js
[DEBUG] from resource zip => assets/Resources/ui/handheld/android/ActionBarView.js
[DEBUG] from resource zip => assets/Resources/ui/handheld/android/ApplicationWindow.js
[DEBUG] from resource zip => assets/Resources/ui/handheld/android/DetailWindow.js
[DEBUG] from resource zip => assets/Resources/ui/handheld/ApplicationWindow.js
[DEBUG] from resource zip => assets/Resources/ui/tablet/ApplicationWindow.js
[DEBUG] from resource zip => assets/Resources/ui/components.js
[DEBUG] from resource zip => assets/Resources/ui/theme.js
[DEBUG] from resource zip => assets/Resources/KS_nav_ui.png
[DEBUG] from resource zip => assets/Resources/KS_nav_views.png
[DEBUG] from resource zip => assets/Resources/app.js
[DEBUG] from resource zip => assets/Resources/appicon.png
[DEBUG] from resource zip => assets/Resources/appicon1.png
[DEBUG] from resource zip => assets/Resources/default.png
[DEBUG] from resource zip => assets/app.json
[DEBUG] from resource zip => assets/index.json
[DEBUG] from resource zip => assets/tiapp.xml
[DEBUG] from resource zip => res/drawable/appicon.png
[DEBUG] from resource zip => res/drawable/background.png
[DEBUG] from resource zip => res/drawable/close.png
[DEBUG] from resource zip => res/drawable/facebook_login.png
[DEBUG] from resource zip => res/drawable/facebook_login_down.png
[DEBUG] from resource zip => res/drawable/facebook_login_wide.png
[DEBUG] from resource zip => res/drawable/facebook_login_wide_down.png
[DEBUG] from resource zip => res/drawable/facebook_logout.png
[DEBUG] from resource zip => res/drawable/facebook_logout_down.png
[DEBUG] from resource zip => res/layout/titanium_tabgroup.xml
[DEBUG] from resource zip => AndroidManifest.xml
[DEBUG] from resource zip => resources.arsc
[DEBUG] from resource zip => res/drawable-hdpi/close.png
[DEBUG] from resource zip => res/drawable-ldpi/close.png
[DEBUG] from resource zip => res/drawable-long-land-hdpi/background.png
[DEBUG] from resource zip => res/drawable-long-land-ldpi/background.png
[DEBUG] from resource zip => res/drawable-long-port-hdpi/background.png
[DEBUG] from resource zip => res/drawable-long-port-ldpi/background.png
[DEBUG] from resource zip => res/drawable-notlong-land-hdpi/background.png
[DEBUG] from resource zip => res/drawable-notlong-land-ldpi/background.png
[DEBUG] from resource zip => res/drawable-notlong-land-mdpi/background.png
[DEBUG] from resource zip => res/drawable-notlong-port-hdpi/background.png
[DEBUG] from resource zip => res/drawable-notlong-port-ldpi/background.png
[DEBUG] from resource zip => res/drawable-notlong-port-mdpi/background.png
[DEBUG] from JAR /Users/bobsims/Library/Application Support/Titanium/mobilesdk/osx/2.1.4.GA/android/titanium.jar => org/appcelerator/titanium/build.properties
[DEBUG] from JAR /Users/bobsims/Library/Application Support/Titanium/mobilesdk/osx/2.1.4.GA/android/titanium.jar => org/appcelerator/titanium/res/drawable/background.png
[DEBUG] from JAR /Users/bobsims/Library/Application Support/Titanium/mobilesdk/osx/2.1.4.GA/android/titanium.jar => org/appcelerator/titanium/res/drawable/btn_check_buttonless_on.png
[DEBUG] from JAR /Users/bobsims/Library/Application Support/Titanium/mobilesdk/osx/2.1.4.GA/android/titanium.jar => org/appcelerator/titanium/res/drawable/btn_check_buttonless_on_18.png
[DEBUG] from JAR /Users/bobsims/Library/Application Support/Titanium/mobilesdk/osx/2.1.4.GA/android/titanium.jar => org/appcelerator/titanium/res/drawable/btn_check_buttonless_on_48.png
[DEBUG] from JAR /Users/bobsims/Library/Application Support/Titanium/mobilesdk/osx/2.1.4.GA/android/titanium.jar => org/appcelerator/titanium/res/drawable/btn_more.png
[DEBUG] from JAR /Users/bobsims/Library/Application Support/Titanium/mobilesdk/osx/2.1.4.GA/android/titanium.jar => org/appcelerator/titanium/res/drawable/btn_more_18.png
[DEBUG] from JAR /Users/bobsims/Library/Application Support/Titanium/mobilesdk/osx/2.1.4.GA/android/titanium.jar => org/appcelerator/titanium/res/drawable/btn_more_48.png
[DEBUG] from JAR /Users/bobsims/Library/Application Support/Titanium/mobilesdk/osx/2.1.4.GA/android/titanium.jar => org/appcelerator/titanium/res/drawable/btn_picker_normal.9.png
[DEBUG] from JAR /Users/bobsims/Library/Application Support/Titanium/mobilesdk/osx/2.1.4.GA/android/titanium.jar => org/appcelerator/titanium/res/drawable/btn_picker_pressed.9.png
[DEBUG] from JAR /Users/bobsims/Library/Application Support/Titanium/mobilesdk/osx/2.1.4.GA/android/titanium.jar => org/appcelerator/titanium/res/drawable/btn_picker_selected.9.png
[DEBUG] from JAR /Users/bobsims/Library/Application Support/Titanium/mobilesdk/osx/2.1.4.GA/android/titanium.jar => org/appcelerator/titanium/res/drawable/default_icon.png
[DEBUG] from JAR /Users/bobsims/Library/Application Support/Titanium/mobilesdk/osx/2.1.4.GA/android/titanium.jar => org/appcelerator/titanium/res/drawable/photoDefault.png
[DEBUG] from JAR /Users/bobsims/Library/Application Support/Titanium/mobilesdk/osx/2.1.4.GA/android/modules/titanium-facebook.jar => ti/modules/titanium/facebook/LICENSE
[DEBUG] from JAR /Users/bobsims/Library/Application Support/Titanium/mobilesdk/osx/2.1.4.GA/android/thirdparty.jar => org/apache/Commons-NOTICE.txt
[DEBUG] from JAR /Users/bobsims/Library/Application Support/Titanium/mobilesdk/osx/2.1.4.GA/android/thirdparty.jar => org/apache/HttpComponents-NOTICE.txt
[DEBUG] from JAR /Users/bobsims/Library/Application Support/Titanium/mobilesdk/osx/2.1.4.GA/android/thirdparty.jar => org/apache/mime4j-NOTICE.txt
[DEBUG] from JAR /Users/bobsims/Library/Application Support/Titanium/mobilesdk/osx/2.1.4.GA/android/modules/titanium-ui.jar => ti/modules/titanium/ui/widget/webview/binding.js
[DEBUG] from JAR /Users/bobsims/Library/Application Support/Titanium/mobilesdk/osx/2.1.4.GA/android/modules/titanium-ui.jar => ti/modules/titanium/ui/widget/webview/binding.min.js
[DEBUG] from JAR /Users/bobsims/Library/Application Support/Titanium/mobilesdk/osx/2.1.4.GA/android/modules/titanium-ui.jar => ti/modules/titanium/ui/widget/webview/json2.js
[DEBUG] from JAR /Users/bobsims/Library/Application Support/Titanium/mobilesdk/osx/2.1.4.GA/android/modules/titanium-ui.jar => ti/modules/titanium/ui/widget/webview/polling.js
[DEBUG] from JAR /Users/bobsims/Library/Application Support/Titanium/mobilesdk/osx/2.1.4.GA/android/modules/titanium-ui.jar => ti/modules/titanium/ui/widget/webview/polling.min.js
[DEBUG] installing native SDK libs
[DEBUG] Waiting for device to be ready ...
[TRACE] adb devices returned 1 devices/emulators
[DEBUG] Device connected... (waited 0 seconds)
[DEBUG] waited 0.013630 seconds on emulator to get ready
[INFO] Installing application on emulator
[INFO] Launching application ... NATO Acronyms
[TRACE] Launch output: Starting: Intent { act=android.intent.action.MAIN cat=[android.intent.category.LAUNCHER] flg=0x10200000 cmp=com.bobsims.natoacronyms/.NatoAcronymsActivity }

[INFO] Deployed NATO Acronyms ... Application should be running.
